<?xml version="1.0" encoding="UTF-8"?>
<!-- Generated by org.testng.reporters.JUnitXMLReporter -->
<testsuite ignored="4" hostname="Lenovo-PC" failures="1" tests="2" name="LoginTest" time="4.47" errors="0" timestamp="2021-01-07T12:45:33 IST">
  <testcase classname="com.test.OrangeCRM.LoginTest" name="@BeforeMethod setUp" time="3.41">
    <failure type="org.openqa.selenium.SessionNotCreatedException" message="session not created: This version of ChromeDriver only supports Chrome version 84
Build info: version: &amp;apos;3.141.5&amp;apos;, revision: &amp;apos;d54ebd709a&amp;apos;, time: &amp;apos;2018-11-06T11:42:16&amp;apos;
System info: host: &amp;apos;LENOVO-PC&amp;apos;, ip: &amp;apos;192.168.0.110&amp;apos;, os.name: &amp;apos;Windows 7&amp;apos;, os.arch: &amp;apos;amd64&amp;apos;, os.version: &amp;apos;6.1&amp;apos;, java.version: &amp;apos;14.0.2&amp;apos;
Driver info: driver.version: ChromeDriver
remote stacktrace: Backtrace:
	Ordinal0 [0x006987E3+2852835]
	Ordinal0 [0x00585BB1+1727409]
	Ordinal0 [0x0045E4B9+517305]
	Ordinal0 [0x003F0BA0+68512]
	Ordinal0 [0x003ED3A0+54176]
	Ordinal0 [0x0040D9F7+186871]
	Ordinal0 [0x0040D7FD+186365]
	Ordinal0 [0x0040B70B+177931]
	Ordinal0 [0x003F2584+75140]
	Ordinal0 [0x003F3650+79440]
	Ordinal0 [0x003F35E9+79337]
	Ordinal0 [0x0059AD5C+1813852]
	GetHandleVerifier [0x007BC616+1075574]
	GetHandleVerifier [0x007BC367+1074887]
	GetHandleVerifier [0x007C7497+1120247]
	GetHandleVerifier [0x007BCC16+1077110]
	Ordinal0 [0x00593206+1782278]
	Ordinal0 [0x0059C3BB+1819579]
	Ordinal0 [0x0059C523+1819939]
	Ordinal0 [0x005B2B45+1911621]
	BaseThreadInitThunk [0x758E343D+18]
	RtlInitializeExceptionChain [0x777A9812+99]
	RtlInitializeExceptionChain [0x777A97E5+54]
">
      <![CDATA[org.openqa.selenium.SessionNotCreatedException: session not created: This version of ChromeDriver only supports Chrome version 84
Build info: version: '3.141.5', revision: 'd54ebd709a', time: '2018-11-06T11:42:16'
System info: host: 'LENOVO-PC', ip: '192.168.0.110', os.name: 'Windows 7', os.arch: 'amd64', os.version: '6.1', java.version: '14.0.2'
Driver info: driver.version: ChromeDriver
remote stacktrace: Backtrace:
Ordinal0 [0x006987E3+2852835]
Ordinal0 [0x00585BB1+1727409]
Ordinal0 [0x0045E4B9+517305]
Ordinal0 [0x003F0BA0+68512]
Ordinal0 [0x003ED3A0+54176]
Ordinal0 [0x0040D9F7+186871]
Ordinal0 [0x0040D7FD+186365]
Ordinal0 [0x0040B70B+177931]
Ordinal0 [0x003F2584+75140]
Ordinal0 [0x003F3650+79440]
Ordinal0 [0x003F35E9+79337]
Ordinal0 [0x0059AD5C+1813852]
GetHandleVerifier [0x007BC616+1075574]
GetHandleVerifier [0x007BC367+1074887]
GetHandleVerifier [0x007C7497+1120247]
GetHandleVerifier [0x007BCC16+1077110]
Ordinal0 [0x00593206+1782278]
Ordinal0 [0x0059C3BB+1819579]
Ordinal0 [0x0059C523+1819939]
Ordinal0 [0x005B2B45+1911621]
BaseThreadInitThunk [0x758E343D+18]
RtlInitializeExceptionChain [0x777A9812+99]
RtlInitializeExceptionChain [0x777A97E5+54]

at org.openqa.selenium.remote.W3CHandshakeResponse.lambda$errorHandler$0(W3CHandshakeResponse.java:62)
at org.openqa.selenium.remote.HandshakeResponse.lambda$getResponseFunction$0(HandshakeResponse.java:30)
at org.openqa.selenium.remote.ProtocolHandshake.lambda$createSession$0(ProtocolHandshake.java:123)
at java.base/java.util.stream.ReferencePipeline$3$1.accept(ReferencePipeline.java:195)
at java.base/java.util.Spliterators$ArraySpliterator.tryAdvance(Spliterators.java:958)
at java.base/java.util.stream.ReferencePipeline.forEachWithCancel(ReferencePipeline.java:127)
at java.base/java.util.stream.AbstractPipeline.copyIntoWithCancel(AbstractPipeline.java:502)
at java.base/java.util.stream.AbstractPipeline.copyInto(AbstractPipeline.java:488)
at java.base/java.util.stream.AbstractPipeline.wrapAndCopyInto(AbstractPipeline.java:474)
at java.base/java.util.stream.FindOps$FindOp.evaluateSequential(FindOps.java:150)
at java.base/java.util.stream.AbstractPipeline.evaluate(AbstractPipeline.java:234)
at java.base/java.util.stream.ReferencePipeline.findFirst(ReferencePipeline.java:543)
at org.openqa.selenium.remote.ProtocolHandshake.createSession(ProtocolHandshake.java:125)
at org.openqa.selenium.remote.ProtocolHandshake.createSession(ProtocolHandshake.java:74)
at org.openqa.selenium.remote.HttpCommandExecutor.execute(HttpCommandExecutor.java:136)
at org.openqa.selenium.remote.service.DriverCommandExecutor.execute(DriverCommandExecutor.java:83)
at org.openqa.selenium.remote.RemoteWebDriver.execute(RemoteWebDriver.java:552)
at org.openqa.selenium.remote.RemoteWebDriver.startSession(RemoteWebDriver.java:213)
at org.openqa.selenium.remote.RemoteWebDriver.<init>(RemoteWebDriver.java:131)
at org.openqa.selenium.chrome.ChromeDriver.<init>(ChromeDriver.java:181)
at org.openqa.selenium.chrome.ChromeDriver.<init>(ChromeDriver.java:168)
at org.openqa.selenium.chrome.ChromeDriver.<init>(ChromeDriver.java:123)
at com.test.BaseTest.TestBase.Initilition(TestBase.java:65)
at com.test.OrangeCRM.LoginTest.setUp(LoginTest.java:39)
at java.base/java.util.ArrayList.forEach(ArrayList.java:1511)
... Removed 36 stack frames]]>
    </failure>
  </testcase> <!-- @BeforeMethod setUp -->
  <testcase classname="com.test.OrangeCRM.LoginTest" name="TEST1" time="0.0">
    <skipped/>
  </testcase> <!-- TEST1 -->
  <testcase classname="com.test.OrangeCRM.LoginTest" name="TEST1" time="4.424">
    <failure type="java.lang.NullPointerException">
      <![CDATA[java.lang.NullPointerException
at Listeners.TestListener.onTestSkipped(TestListener.java:72)
at java.base/java.util.ArrayList.forEach(ArrayList.java:1511)
... Removed 25 stack frames]]>
    </failure>
  </testcase> <!-- TEST1 -->
  <testcase classname="com.test.BaseTest.TestBase" name="@BeforeSuite starttest" time="0.0">
    <ignored/>
  </testcase> <!-- @BeforeSuite starttest -->
  <testcase classname="com.test.BaseTest.TestBase" name="@BeforeSuite starttest" time="0.0">
    <ignored/>
  </testcase> <!-- @BeforeSuite starttest -->
  <testcase classname="com.test.BaseTest.TestBase" name="@AfterSuite closedriver" time="0.0">
    <ignored/>
  </testcase> <!-- @AfterSuite closedriver -->
  <testcase classname="com.test.BaseTest.TestBase" name="@AfterSuite closedriver" time="0.0">
    <ignored/>
  </testcase> <!-- @AfterSuite closedriver -->
</testsuite> <!-- LoginTest -->
